2025-08-30 14:54:09,427 - INFO - 开始创建可移植包: zr_daily_report_v0.8
2025-08-30 14:54:09,429 - INFO - 正在复制项目文件...
2025-08-30 14:54:09,436 - WARNING - 源文件或目录不存在，跳过: LICENSE
2025-08-30 14:54:09,457 - INFO - 正在创建虚拟环境...
2025-08-30 14:54:12,728 - INFO - 正在安装依赖...
2025-08-30 14:54:16,508 - ERROR - 打包过程失败: 安装依赖失败: 安装依赖失败: Command '['D:\\Daily_Report\\release\\zr_daily_report_v0.8\\venv\\Scripts\\pip.exe', 'install', '-r', 'requirements.txt']' returned non-zero exit status 2.
2025-08-30 14:54:16,597 - ERROR - 打包失败: 安装依赖失败: 安装依赖失败: Command '['D:\\Daily_Report\\release\\zr_daily_report_v0.8\\venv\\Scripts\\pip.exe', 'install', '-r', 'requirements.txt']' returned non-zero exit status 2.
2025-08-30 14:57:57,085 - ERROR - 发生未预期的错误
Traceback (most recent call last):
  File "D:\Daily_Report\build_package.py", line 331, in main
    builder.create_package()
    ^^^^^^^^^^^^^^^^^^^^^^
AttributeError: 'PackageBuilder' object has no attribute 'create_package'
2025-08-30 15:00:23,051 - INFO - 开始创建可移植包: zr_daily_report_v0.8
2025-08-30 15:00:23,051 - INFO - 正在复制项目文件...
2025-08-30 15:00:23,058 - WARNING - 源文件或目录不存在，跳过: LICENSE
2025-08-30 15:00:23,080 - INFO - 正在创建虚拟环境...
2025-08-30 15:00:26,047 - INFO - 正在安装依赖...
2025-08-30 15:00:26,048 - INFO - 文件已确认为UTF-8编码
2025-08-30 15:00:27,059 - ERROR - pip安装输出: 
2025-08-30 15:00:27,059 - ERROR - pip安装错误: 
[notice] A new release of pip is available: 24.3.1 -> 25.2
[notice] To update, run: D:\Daily_Report\release\zr_daily_report_v0.8\venv\Scripts\python.exe -m pip install --upgrade pip
ERROR: Exception:
Traceback (most recent call last):
  File "D:\Daily_Report\release\zr_daily_report_v0.8\venv\Lib\site-packages\pip\_internal\cli\base_command.py", line 105, in _run_wrapper
    status = _inner_run()
  File "D:\Daily_Report\release\zr_daily_report_v0.8\venv\Lib\site-packages\pip\_internal\cli\base_command.py", line 96, in _inner_run
    return self.run(options, args)
           ~~~~~~~~^^^^^^^^^^^^^^^
  File "D:\Daily_Report\release\zr_daily_report_v0.8\venv\Lib\site-packages\pip\_internal\cli\req_command.py", line 67, in wrapper
    return func(self, options, args)
  File "D:\Daily_Report\release\zr_daily_report_v0.8\venv\Lib\site-packages\pip\_internal\commands\install.py", line 343, in run
    reqs = self.get_requirements(args, options, finder, session)
  File "D:\Daily_Report\release\zr_daily_report_v0.8\venv\Lib\site-packages\pip\_internal\cli\req_command.py", line 255, in get_requirements
    for parsed_req in parse_requirements(
                      ~~~~~~~~~~~~~~~~~~^
        filename, finder=finder, options=options, session=session
        ^^^^^^^^^^^^^^^^^^^^^^^^^^^^^^^^^^^^^^^^^^^^^^^^^^^^^^^^^
    ):
    ^
  File "D:\Daily_Report\release\zr_daily_report_v0.8\venv\Lib\site-packages\pip\_internal\req\req_file.py", line 151, in parse_requirements
    for parsed_line in parser.parse(filename, constraint):
                       ~~~~~~~~~~~~^^^^^^^^^^^^^^^^^^^^^^
  File "D:\Daily_Report\release\zr_daily_report_v0.8\venv\Lib\site-packages\pip\_internal\req\req_file.py", line 332, in parse
    yield from self._parse_and_recurse(
        filename, constraint, [{os.path.abspath(filename): None}]
    )
  File "D:\Daily_Report\release\zr_daily_report_v0.8\venv\Lib\site-packages\pip\_internal\req\req_file.py", line 342, in _parse_and_recurse
    for line in self._parse_file(filename, constraint):
                ~~~~~~~~~~~~~~~~^^^^^^^^^^^^^^^^^^^^^^
  File "D:\Daily_Report\release\zr_daily_report_v0.8\venv\Lib\site-packages\pip\_internal\req\req_file.py", line 391, in _parse_file
    _, content = get_file_content(filename, self._session)
                 ~~~~~~~~~~~~~~~~^^^^^^^^^^^^^^^^^^^^^^^^^
  File "D:\Daily_Report\release\zr_daily_report_v0.8\venv\Lib\site-packages\pip\_internal\req\req_file.py", line 571, in get_file_content
    content = auto_decode(f.read())
  File "D:\Daily_Report\release\zr_daily_report_v0.8\venv\Lib\site-packages\pip\_internal\utils\encoding.py", line 34, in auto_decode
    return data.decode(
           ~~~~~~~~~~~^
        locale.getpreferredencoding(False) or sys.getdefaultencoding(),
        ^^^^^^^^^^^^^^^^^^^^^^^^^^^^^^^^^^^^^^^^^^^^^^^^^^^^^^^^^^^^^^^
    )
    ^
UnicodeDecodeError: 'gbk' codec can't decode byte 0xab in position 60: illegal multibyte sequence
decoding with 'cp936' codec failed

2025-08-30 15:00:27,059 - ERROR - 打包过程失败: 安装依赖失败: 安装依赖失败: Command 'D:\Daily_Report\release\zr_daily_report_v0.8\venv\Scripts\pip.exe' returned non-zero exit status 2.
2025-08-30 15:00:27,151 - ERROR - 打包失败: 安装依赖失败: 安装依赖失败: Command 'D:\Daily_Report\release\zr_daily_report_v0.8\venv\Scripts\pip.exe' returned non-zero exit status 2.
2025-08-30 16:04:27,929 - INFO - 开始创建可移植包: zr_daily_report_v0.8
2025-08-30 16:04:27,930 - INFO - 正在复制项目文件...
2025-08-30 16:04:27,933 - WARNING - 源文件或目录不存在，跳过: LICENSE
2025-08-30 16:04:27,956 - INFO - 正在创建虚拟环境...
2025-08-30 16:04:30,769 - INFO - 正在安装依赖...
2025-08-30 16:04:30,769 - INFO - 文件已确认为UTF-8编码
2025-08-30 16:04:31,769 - ERROR - pip安装输出: 
2025-08-30 16:04:31,769 - ERROR - pip安装错误: 
[notice] A new release of pip is available: 24.3.1 -> 25.2
[notice] To update, run: D:\Daily_Report\release\zr_daily_report_v0.8\venv\Scripts\python.exe -m pip install --upgrade pip
ERROR: Exception:
Traceback (most recent call last):
  File "D:\Daily_Report\release\zr_daily_report_v0.8\venv\Lib\site-packages\pip\_internal\cli\base_command.py", line 105, in _run_wrapper
    status = _inner_run()
  File "D:\Daily_Report\release\zr_daily_report_v0.8\venv\Lib\site-packages\pip\_internal\cli\base_command.py", line 96, in _inner_run
    return self.run(options, args)
           ~~~~~~~~^^^^^^^^^^^^^^^
  File "D:\Daily_Report\release\zr_daily_report_v0.8\venv\Lib\site-packages\pip\_internal\cli\req_command.py", line 67, in wrapper
    return func(self, options, args)
  File "D:\Daily_Report\release\zr_daily_report_v0.8\venv\Lib\site-packages\pip\_internal\commands\install.py", line 343, in run
    reqs = self.get_requirements(args, options, finder, session)
  File "D:\Daily_Report\release\zr_daily_report_v0.8\venv\Lib\site-packages\pip\_internal\cli\req_command.py", line 255, in get_requirements
    for parsed_req in parse_requirements(
                      ~~~~~~~~~~~~~~~~~~^
        filename, finder=finder, options=options, session=session
        ^^^^^^^^^^^^^^^^^^^^^^^^^^^^^^^^^^^^^^^^^^^^^^^^^^^^^^^^^
    ):
    ^
  File "D:\Daily_Report\release\zr_daily_report_v0.8\venv\Lib\site-packages\pip\_internal\req\req_file.py", line 151, in parse_requirements
    for parsed_line in parser.parse(filename, constraint):
                       ~~~~~~~~~~~~^^^^^^^^^^^^^^^^^^^^^^
  File "D:\Daily_Report\release\zr_daily_report_v0.8\venv\Lib\site-packages\pip\_internal\req\req_file.py", line 332, in parse
    yield from self._parse_and_recurse(
        filename, constraint, [{os.path.abspath(filename): None}]
    )
  File "D:\Daily_Report\release\zr_daily_report_v0.8\venv\Lib\site-packages\pip\_internal\req\req_file.py", line 342, in _parse_and_recurse
    for line in self._parse_file(filename, constraint):
                ~~~~~~~~~~~~~~~~^^^^^^^^^^^^^^^^^^^^^^
  File "D:\Daily_Report\release\zr_daily_report_v0.8\venv\Lib\site-packages\pip\_internal\req\req_file.py", line 391, in _parse_file
    _, content = get_file_content(filename, self._session)
                 ~~~~~~~~~~~~~~~~^^^^^^^^^^^^^^^^^^^^^^^^^
  File "D:\Daily_Report\release\zr_daily_report_v0.8\venv\Lib\site-packages\pip\_internal\req\req_file.py", line 571, in get_file_content
    content = auto_decode(f.read())
  File "D:\Daily_Report\release\zr_daily_report_v0.8\venv\Lib\site-packages\pip\_internal\utils\encoding.py", line 34, in auto_decode
    return data.decode(
           ~~~~~~~~~~~^
        locale.getpreferredencoding(False) or sys.getdefaultencoding(),
        ^^^^^^^^^^^^^^^^^^^^^^^^^^^^^^^^^^^^^^^^^^^^^^^^^^^^^^^^^^^^^^^
    )
    ^
UnicodeDecodeError: 'gbk' codec can't decode byte 0xab in position 60: illegal multibyte sequence
decoding with 'cp936' codec failed

2025-08-30 16:04:31,769 - ERROR - 打包过程失败: 安装依赖失败: 安装依赖失败: Command 'D:\Daily_Report\release\zr_daily_report_v0.8\venv\Scripts\pip.exe' returned non-zero exit status 2.
2025-08-30 16:04:31,865 - ERROR - 打包失败: 安装依赖失败: 安装依赖失败: Command 'D:\Daily_Report\release\zr_daily_report_v0.8\venv\Scripts\pip.exe' returned non-zero exit status 2.
2025-08-30 16:30:09,840 - INFO - 开始创建可移植包: zr_daily_report_v0.8
2025-08-30 16:30:09,841 - INFO - 正在复制项目文件...
2025-08-30 16:30:09,844 - WARNING - 源文件或目录不存在，跳过: LICENSE
2025-08-30 16:30:09,877 - INFO - 正在创建虚拟环境...
2025-08-30 16:30:13,128 - INFO - 正在复制依赖...
2025-08-30 16:30:13,128 - INFO - 依赖复制功能待实现
2025-08-30 16:30:13,128 - INFO - 正在创建启动脚本...
2025-08-30 16:30:13,129 - INFO - 正在创建压缩包...
2025-08-30 16:30:13,784 - INFO - 清理临时文件...
2025-08-30 16:30:13,877 - INFO - 打包完成！可移植包位置: D:\Daily_Report\release\zr_daily_report_v0.8.zip
2025-08-30 16:39:38,827 - INFO - 开始创建可移植包: zr_daily_report_v0.8
2025-08-30 16:39:38,828 - INFO - 正在复制项目文件...
2025-08-30 16:39:38,831 - WARNING - 源文件或目录不存在，跳过: LICENSE
2025-08-30 16:39:38,869 - INFO - 正在创建虚拟环境...
2025-08-30 16:39:42,143 - INFO - 正在复制依赖...
2025-08-30 16:39:42,143 - INFO - 依赖复制功能待实现
2025-08-30 16:39:42,143 - INFO - 正在创建启动脚本...
2025-08-30 16:39:42,145 - INFO - 正在创建压缩包...
2025-08-30 16:39:42,787 - INFO - 清理临时文件...
2025-08-30 16:39:42,881 - INFO - 打包完成！可移植包位置: D:\Daily_Report\release\zr_daily_report_v0.8.zip
2025-08-30 16:51:28,400 - INFO - 开始创建可移植包: zr_daily_report_v0.8
2025-08-30 16:51:28,401 - INFO - 正在复制项目文件...
2025-08-30 16:51:28,403 - WARNING - 源文件或目录不存在，跳过: LICENSE
2025-08-30 16:51:28,425 - INFO - 正在创建虚拟环境...
2025-08-30 16:51:31,499 - INFO - 正在复制依赖...
2025-08-30 16:51:31,500 - INFO - 依赖复制功能待实现
2025-08-30 16:51:31,500 - INFO - 正在创建启动脚本...
2025-08-30 16:51:31,501 - INFO - 正在创建压缩包...
2025-08-30 16:51:32,178 - INFO - 清理临时文件...
2025-08-30 16:51:32,275 - INFO - 打包完成！可移植包位置: D:\Daily_Report\release\zr_daily_report_v0.8.zip
2025-08-30 16:54:28,457 - INFO - 开始创建可移植包: zr_daily_report_v0.8
2025-08-30 16:54:28,458 - INFO - 正在复制项目文件...
2025-08-30 16:54:28,465 - WARNING - 源文件或目录不存在，跳过: LICENSE
2025-08-30 16:54:28,489 - INFO - 正在复制依赖...
2025-08-30 16:54:28,489 - INFO - 依赖复制功能待实现
2025-08-30 16:54:28,489 - INFO - 正在创建启动脚本...
2025-08-30 16:54:28,490 - INFO - 正在创建压缩包...
2025-08-30 16:54:28,573 - INFO - 清理临时文件...
2025-08-30 16:54:28,581 - INFO - 打包完成！可移植包位置: D:\Daily_Report\release\zr_daily_report_v0.8.zip
2025-08-30 16:59:51,573 - INFO - 开始创建可移植包: zr_daily_report_v0.8
2025-08-30 16:59:51,574 - INFO - 正在复制项目文件...
2025-08-30 16:59:51,576 - WARNING - 源文件或目录不存在，跳过: LICENSE
2025-08-30 16:59:51,599 - INFO - 正在复制依赖...
2025-08-30 16:59:51,599 - INFO - 依赖将在安装时通过pip下载
2025-08-30 16:59:51,599 - INFO - 正在创建启动脚本...
2025-08-30 16:59:51,600 - INFO - 正在创建压缩包...
2025-08-30 16:59:51,684 - INFO - 清理临时文件...
2025-08-30 16:59:51,691 - INFO - 打包完成！可移植包位置: D:\Daily_Report\release\zr_daily_report_v0.8.zip
2025-08-30 17:24:15,645 - INFO - 开始创建可移植包: zr_daily_report_v0.8
2025-08-30 17:24:15,646 - INFO - 正在复制项目文件...
2025-08-30 17:24:15,652 - WARNING - 源文件或目录不存在，跳过: LICENSE
2025-08-30 17:24:15,675 - INFO - 正在复制依赖...
2025-08-30 17:24:15,675 - INFO - 依赖将在安装时通过pip下载
2025-08-30 17:24:15,675 - INFO - 正在创建启动脚本...
2025-08-30 17:24:15,677 - INFO - 正在创建压缩包...
2025-08-30 17:24:15,763 - INFO - 清理临时文件...
2025-08-30 17:24:15,771 - INFO - 打包完成！可移植包位置: D:\Daily_Report\release\zr_daily_report_v0.8.zip
2025-08-30 17:24:16,986 - INFO - 开始创建可移植包: zr_daily_report_v0.8
2025-08-30 17:24:16,987 - INFO - 正在复制项目文件...
2025-08-30 17:24:16,994 - WARNING - 源文件或目录不存在，跳过: LICENSE
2025-08-30 17:24:17,018 - INFO - 正在复制依赖...
2025-08-30 17:24:17,018 - INFO - 依赖将在安装时通过pip下载
2025-08-30 17:24:17,018 - INFO - 正在创建启动脚本...
2025-08-30 17:24:17,019 - INFO - 正在创建压缩包...
2025-08-30 17:24:17,101 - INFO - 清理临时文件...
2025-08-30 17:24:17,119 - INFO - 打包完成！可移植包位置: D:\Daily_Report\release\zr_daily_report_v0.8.zip
2025-08-30 17:38:36,926 - INFO - 开始创建可移植包: zr_daily_report_v0.8
2025-08-30 17:38:36,927 - INFO - 正在复制项目文件...
2025-08-30 17:38:36,930 - WARNING - 源文件或目录不存在，跳过: LICENSE
2025-08-30 17:38:36,952 - INFO - 正在复制依赖...
2025-08-30 17:38:36,952 - INFO - 依赖将在安装时通过pip下载
2025-08-30 17:38:36,953 - INFO - 正在创建启动脚本...
2025-08-30 17:38:36,953 - INFO - 正在创建压缩包...
2025-08-30 17:38:37,037 - INFO - 清理临时文件...
2025-08-30 17:38:37,046 - INFO - 打包完成！可移植包位置: D:\Daily_Report\release\zr_daily_report_v0.8.zip
2025-08-30 17:38:40,240 - INFO - 开始创建可移植包: zr_daily_report_v0.8
2025-08-30 17:38:40,241 - INFO - 正在复制项目文件...
2025-08-30 17:38:40,243 - WARNING - 源文件或目录不存在，跳过: LICENSE
2025-08-30 17:38:40,265 - INFO - 正在复制依赖...
2025-08-30 17:38:40,266 - INFO - 依赖将在安装时通过pip下载
2025-08-30 17:38:40,266 - INFO - 正在创建启动脚本...
2025-08-30 17:38:40,267 - INFO - 正在创建压缩包...
2025-08-30 17:38:40,347 - INFO - 清理临时文件...
2025-08-30 17:38:40,357 - INFO - 打包完成！可移植包位置: D:\Daily_Report\release\zr_daily_report_v0.8.zip
2025-08-30 17:38:44,349 - INFO - 开始创建可移植包: zr_daily_report_v0.8
2025-08-30 17:38:44,350 - INFO - 正在复制项目文件...
2025-08-30 17:38:44,352 - WARNING - 源文件或目录不存在，跳过: LICENSE
2025-08-30 17:38:44,373 - INFO - 正在复制依赖...
2025-08-30 17:38:44,373 - INFO - 依赖将在安装时通过pip下载
2025-08-30 17:38:44,373 - INFO - 正在创建启动脚本...
2025-08-30 17:38:44,374 - INFO - 正在创建压缩包...
2025-08-30 17:38:44,461 - INFO - 清理临时文件...
2025-08-30 17:38:44,469 - INFO - 打包完成！可移植包位置: D:\Daily_Report\release\zr_daily_report_v0.8.zip
2025-08-30 17:41:48,415 - INFO - 开始创建可移植包: zr_daily_report_v0.8
2025-08-30 17:41:48,416 - INFO - 正在复制项目文件...
2025-08-30 17:41:48,422 - WARNING - 源文件或目录不存在，跳过: LICENSE
2025-08-30 17:41:48,444 - INFO - 正在复制依赖...
2025-08-30 17:41:48,444 - INFO - 依赖将在安装时通过pip下载
2025-08-30 17:41:48,444 - INFO - 正在创建启动脚本...
2025-08-30 17:41:48,445 - INFO - 正在创建压缩包...
2025-08-30 17:41:48,531 - INFO - 清理临时文件...
2025-08-30 17:41:48,539 - INFO - 打包完成！可移植包位置: D:\Daily_Report\release\zr_daily_report_v0.8.zip
2025-08-30 17:41:51,975 - INFO - 开始创建可移植包: zr_daily_report_v0.8
2025-08-30 17:41:51,976 - INFO - 正在复制项目文件...
2025-08-30 17:41:51,982 - WARNING - 源文件或目录不存在，跳过: LICENSE
2025-08-30 17:41:52,005 - INFO - 正在复制依赖...
2025-08-30 17:41:52,005 - INFO - 依赖将在安装时通过pip下载
2025-08-30 17:41:52,005 - INFO - 正在创建启动脚本...
2025-08-30 17:41:52,006 - INFO - 正在创建压缩包...
2025-08-30 17:41:52,087 - INFO - 清理临时文件...
2025-08-30 17:41:52,093 - INFO - 打包完成！可移植包位置: D:\Daily_Report\release\zr_daily_report_v0.8.zip
2025-08-30 17:41:58,746 - INFO - 开始创建可移植包: zr_daily_report_v0.8
2025-08-30 17:41:58,747 - INFO - 正在复制项目文件...
2025-08-30 17:41:58,754 - WARNING - 源文件或目录不存在，跳过: LICENSE
2025-08-30 17:41:58,776 - INFO - 正在复制依赖...
2025-08-30 17:41:58,776 - INFO - 依赖将在安装时通过pip下载
2025-08-30 17:41:58,776 - INFO - 正在创建启动脚本...
2025-08-30 17:41:58,777 - INFO - 正在创建压缩包...
2025-08-30 17:41:58,860 - INFO - 清理临时文件...
2025-08-30 17:41:58,867 - INFO - 打包完成！可移植包位置: D:\Daily_Report\release\zr_daily_report_v0.8.zip
2025-08-30 17:50:34,960 - INFO - 开始创建可移植包: zr_daily_report_v0.8
2025-08-30 17:50:34,961 - INFO - 正在复制项目文件...
2025-08-30 17:50:34,967 - WARNING - 源文件或目录不存在，跳过: LICENSE
2025-08-30 17:50:34,990 - INFO - 正在复制依赖...
2025-08-30 17:50:34,990 - INFO - 依赖项将被复制到dependencies目录
2025-08-30 17:50:34,990 - INFO - 正在创建启动脚本...
2025-08-30 17:50:34,991 - INFO - 正在创建压缩包...
2025-08-30 17:50:35,076 - INFO - 清理临时文件...
2025-08-30 17:50:35,086 - INFO - 打包完成！可移植包位置: D:\Daily_Report\release\zr_daily_report_v0.8.zip
2025-08-30 17:57:54,516 - INFO - 开始创建可移植包: zr_daily_report_v0.8
2025-08-30 17:57:54,517 - INFO - 正在复制项目文件...
2025-08-30 17:57:54,519 - WARNING - 源文件或目录不存在，跳过: LICENSE
2025-08-30 17:57:54,541 - INFO - 正在复制依赖...
2025-08-30 17:58:00,596 - WARNING - 下载依赖项失败: Command '['D:\\Daily_Report\\.venv\\Scripts\\python.exe', '-m', 'pip', 'download', '-r', 'D:\\Daily_Report\\requirements.txt', '-d', 'D:\\Daily_Report\\release\\zr_daily_report_v0.8\\zr_daily_report\\dependencies']' returned non-zero exit status 1.
2025-08-30 17:58:00,597 - INFO - 依赖项将在安装时下载
2025-08-30 17:58:00,597 - INFO - 正在创建启动脚本...
2025-08-30 17:58:00,598 - INFO - 正在创建压缩包...
2025-08-30 17:58:00,676 - INFO - 清理临时文件...
2025-08-30 17:58:00,683 - INFO - 打包完成！可移植包位置: D:\Daily_Report\release\zr_daily_report_v0.8.zip
2025-08-30 18:07:53,470 - INFO - 开始创建可移植包: zr_daily_report_v0.8
2025-08-30 18:07:53,471 - INFO - 正在复制项目文件...
2025-08-30 18:07:53,474 - WARNING - 源文件或目录不存在，跳过: LICENSE
2025-08-30 18:07:53,497 - INFO - 正在复制依赖...
2025-08-30 18:10:20,424 - INFO - 依赖项已下载到dependencies目录
2025-08-30 18:10:20,424 - INFO - 正在创建启动脚本...
2025-08-30 18:10:20,426 - INFO - 正在创建压缩包...
2025-08-30 18:10:21,860 - INFO - 清理临时文件...
2025-08-30 18:10:21,879 - INFO - 打包完成！可移植包位置: D:\Daily_Report\release\zr_daily_report_v0.8.zip
2025-08-30 18:15:30,597 - INFO - 开始创建可移植包: zr_daily_report_v0.8
2025-08-30 18:15:30,598 - INFO - 正在复制项目文件...
2025-08-30 18:15:30,604 - WARNING - 源文件或目录不存在，跳过: LICENSE
2025-08-30 18:15:30,628 - INFO - 正在复制依赖...
2025-08-30 18:16:12,853 - INFO - 依赖项已下载到dependencies目录
2025-08-30 18:16:12,853 - INFO - 正在创建启动脚本...
2025-08-30 18:16:12,855 - INFO - 正在创建压缩包...
2025-08-30 18:16:14,285 - INFO - 清理临时文件...
2025-08-30 18:16:14,310 - INFO - 打包完成！可移植包位置: D:\Daily_Report\release\zr_daily_report_v0.8.zip
2025-08-30 18:25:58,306 - INFO - 开始创建可移植包: zr_daily_report_v0.8
2025-08-30 18:25:58,306 - INFO - 正在复制项目文件...
2025-08-30 18:25:58,313 - WARNING - 源文件或目录不存在，跳过: LICENSE
2025-08-30 18:25:58,336 - INFO - 正在复制依赖...
2025-08-30 18:26:34,922 - INFO - 依赖项已下载到dependencies目录
2025-08-30 18:26:34,922 - INFO - 正在创建启动脚本...
2025-08-30 18:26:34,924 - INFO - 正在创建压缩包...
2025-08-30 18:26:36,359 - INFO - 清理临时文件...
2025-08-30 18:26:36,385 - INFO - 打包完成！可移植包位置: D:\Daily_Report\release\zr_daily_report_v0.8.zip
2025-09-01 09:14:48,038 - INFO - 开始创建可移植包: zr_daily_report_v0.8
2025-09-01 09:14:48,038 - INFO - 正在复制项目文件...
2025-09-01 09:14:48,041 - WARNING - 源文件或目录不存在，跳过: LICENSE
2025-09-01 09:14:48,068 - INFO - 正在复制依赖...
2025-09-01 09:15:13,107 - INFO - 依赖项已下载到dependencies目录
2025-09-01 09:15:13,107 - INFO - 正在创建启动脚本...
2025-09-01 09:15:13,108 - INFO - 正在创建压缩包...
2025-09-01 09:15:14,620 - INFO - 清理临时文件...
2025-09-01 09:15:14,655 - INFO - 打包完成！可移植包位置: D:\Daily_Report\release\zr_daily_report_v0.8.zip
2025-09-01 10:02:34,757 - INFO - 开始创建可移植包: zr_daily_report_v0.8
2025-09-01 10:02:34,762 - INFO - 正在复制项目文件...
2025-09-01 10:02:34,768 - WARNING - 源文件或目录不存在，跳过: LICENSE
2025-09-01 10:02:34,794 - INFO - 正在复制依赖...
2025-09-01 10:02:34,794 - INFO - 正在下载依赖项...
2025-09-01 10:03:02,875 - INFO - 依赖项已下载到dependencies目录
2025-09-01 10:03:02,875 - INFO - 正在创建启动脚本...
2025-09-01 10:03:02,877 - INFO - 正在创建压缩包...
2025-09-01 10:03:04,300 - INFO - 清理临时文件...
2025-09-01 10:03:04,328 - INFO - 打包完成！可移植包位置: D:\Daily_Report\release\zr_daily_report_v0.8.zip
2025-09-01 10:12:07,671 - INFO - 开始创建可移植包: zr_daily_report_v0.8
2025-09-01 10:12:07,672 - INFO - 正在复制项目文件...
2025-09-01 10:12:07,679 - WARNING - 源文件或目录不存在，跳过: LICENSE
2025-09-01 10:12:07,703 - INFO - 正在复制依赖...
2025-09-01 10:12:07,703 - INFO - 正在下载依赖项...
2025-09-01 10:12:42,217 - INFO - 依赖项已下载到dependencies目录
2025-09-01 10:12:42,217 - INFO - 正在创建启动脚本...
2025-09-01 10:12:42,218 - INFO - 正在创建压缩包...
2025-09-01 10:12:43,637 - INFO - 清理临时文件...
2025-09-01 10:12:43,665 - INFO - 打包完成！可移植包位置: D:\Daily_Report\release\zr_daily_report_v0.8.zip
2025-09-01 10:32:38,672 - INFO - 开始创建可移植包: zr_daily_report_v0.8
2025-09-01 10:32:38,673 - INFO - 正在复制项目文件...
2025-09-01 10:32:38,675 - WARNING - 源文件或目录不存在，跳过: LICENSE
2025-09-01 10:32:38,708 - INFO - 正在复制依赖...
2025-09-01 10:32:38,709 - INFO - 正在打包依赖项...
2025-09-01 10:32:44,057 - INFO - 依赖项已打包到dependencies目录
2025-09-01 10:32:44,057 - INFO - 打包了 18 个wheel文件
2025-09-01 10:32:44,057 - INFO - 正在创建启动脚本...
2025-09-01 10:32:44,059 - INFO - 正在创建压缩包...
2025-09-01 10:32:44,870 - INFO - 清理临时文件...
2025-09-01 10:32:44,883 - INFO - 打包完成！可移植包位置: D:\Daily_Report\release\zr_daily_report_v0.8.zip
2025-09-01 10:45:41,741 - INFO - 开始创建可移植包: zr_daily_report_v0.8
2025-09-01 10:45:41,742 - INFO - 正在复制项目文件...
2025-09-01 10:45:41,748 - WARNING - 源文件或目录不存在，跳过: LICENSE
2025-09-01 10:45:41,775 - INFO - 正在复制依赖...
2025-09-01 10:45:41,775 - INFO - 正在打包依赖项...
2025-09-01 10:45:48,899 - INFO - 依赖项已打包到dependencies目录
2025-09-01 10:45:48,900 - INFO - 打包了 18 个wheel文件
2025-09-01 10:45:48,900 - INFO - 正在创建启动脚本...
2025-09-01 10:45:48,901 - INFO - 正在创建压缩包...
2025-09-01 10:45:49,739 - INFO - 清理临时文件...
2025-09-01 10:45:49,752 - INFO - 打包完成！可移植包位置: D:\Daily_Report\release\zr_daily_report_v0.8.zip
2025-09-01 11:06:18,809 - INFO - 开始创建可移植包: zr_daily_report_v0.8
2025-09-01 11:06:18,812 - INFO - 正在复制项目文件...
2025-09-01 11:06:18,819 - WARNING - 源文件或目录不存在，跳过: LICENSE
2025-09-01 11:06:18,855 - INFO - 正在复制已安装依赖...
2025-09-01 11:06:18,855 - INFO - 正在获取当前环境中已安装的包...
2025-09-01 11:06:18,897 - INFO - Site-packages路径: D:\Daily_Report\.venv
2025-09-01 11:06:18,898 - INFO - 需要的包: {'flake8', 'cryptography', 'pytest-asyncio', 'pytest-cov', 'pytest', 'black', 'mock', 'twine', 'openpyxl', 'mkdocs-material', 'httpx', 'tox', 'isort', 'build', 'mysql-connector-python', 'mkdocs', 'mypy', 'pre-commit'}
2025-09-01 11:06:18,898 - INFO - 总共拷贝了 0 个依赖项
2025-09-01 11:06:18,898 - INFO - 正在创建启动脚本...
2025-09-01 11:06:18,899 - INFO - 正在创建压缩包...
2025-09-01 11:06:18,979 - INFO - 清理临时文件...
2025-09-01 11:06:18,988 - INFO - 打包完成！可移植包位置: D:\Daily_Report\release\zr_daily_report_v0.8.zip
2025-09-01 11:09:36,435 - INFO - 开始创建可移植包: zr_daily_report_v0.8
2025-09-01 11:09:36,436 - INFO - 正在复制项目文件...
2025-09-01 11:09:36,442 - WARNING - 源文件或目录不存在，跳过: LICENSE
2025-09-01 11:09:36,465 - INFO - 正在复制已安装依赖...
2025-09-01 11:09:36,465 - INFO - 正在获取当前环境中已安装的包...
2025-09-01 11:09:36,465 - INFO - Site-packages路径: D:\Daily_Report\.venv
2025-09-01 11:09:36,466 - INFO - 需要的包: {'pytest-cov', 'mypy', 'isort', 'httpx', 'twine', 'mkdocs-material', 'pytest', 'cryptography', 'build', 'pre-commit', 'mock', 'mysql-connector-python', 'mkdocs', 'black', 'flake8', 'openpyxl', 'tox', 'pytest-asyncio'}
2025-09-01 11:09:36,466 - INFO - 总共拷贝了 0 个依赖项
2025-09-01 11:09:36,466 - INFO - 正在创建启动脚本...
2025-09-01 11:09:36,467 - INFO - 正在创建压缩包...
2025-09-01 11:09:36,551 - INFO - 清理临时文件...
2025-09-01 11:09:36,558 - INFO - 打包完成！可移植包位置: D:\Daily_Report\release\zr_daily_report_v0.8.zip
2025-09-01 11:11:17,657 - INFO - 开始创建可移植包: zr_daily_report_v0.8
2025-09-01 11:11:17,658 - INFO - 正在复制项目文件...
2025-09-01 11:11:17,661 - WARNING - 源文件或目录不存在，跳过: LICENSE
2025-09-01 11:11:17,687 - INFO - 正在复制已安装依赖...
2025-09-01 11:11:17,687 - INFO - 正在获取当前环境中已安装的包...
2025-09-01 11:11:17,745 - INFO - Site-packages路径: D:\Daily_Report\.venv\Lib\site-packages
2025-09-01 11:11:17,746 - INFO - 需要的包: {'black', 'tox', 'mysql-connector-python', 'pre-commit', 'mkdocs-material', 'twine', 'openpyxl', 'pytest-cov', 'pytest-asyncio', 'cryptography', 'flake8', 'isort', 'mypy', 'build', 'mkdocs', 'httpx', 'pytest', 'mock'}
2025-09-01 11:11:17,791 - INFO - 已拷贝依赖包目录: black
2025-09-01 11:11:17,797 - INFO - 已拷贝依赖包目录: black-24.8.0.dist-info
2025-09-01 11:11:17,813 - INFO - 已拷贝依赖包目录: build
2025-09-01 11:11:17,818 - INFO - 已拷贝依赖包目录: build-1.3.0.dist-info
2025-09-01 11:11:17,933 - INFO - 已拷贝依赖包目录: cryptography
2025-09-01 11:11:17,938 - INFO - 已拷贝依赖包目录: cryptography-43.0.1.dist-info
2025-09-01 11:11:17,975 - INFO - 已拷贝依赖包目录: flake8
2025-09-01 11:11:17,978 - INFO - 已拷贝依赖包目录: flake8-7.1.1.dist-info
2025-09-01 11:11:18,002 - INFO - 已拷贝依赖包目录: httpx
2025-09-01 11:11:18,005 - INFO - 已拷贝依赖包目录: httpx-0.25.2.dist-info
2025-09-01 11:11:18,054 - INFO - 已拷贝依赖包目录: isort
2025-09-01 11:11:18,058 - INFO - 已拷贝依赖包目录: isort-5.12.0.dist-info
2025-09-01 11:11:18,205 - INFO - 已拷贝依赖包目录: mkdocs
2025-09-01 11:11:18,209 - INFO - 已拷贝依赖包目录: mkdocs-1.5.3.dist-info
2025-09-01 11:11:18,214 - INFO - 已拷贝依赖包目录: mkdocs_material-9.4.8.dist-info
2025-09-01 11:11:18,218 - INFO - 已拷贝依赖包目录: mock
2025-09-01 11:11:18,221 - INFO - 已拷贝依赖包目录: mock-5.2.0.dist-info
2025-09-01 11:11:18,797 - INFO - 已拷贝依赖包目录: mypy
2025-09-01 11:11:18,800 - INFO - 已拷贝依赖包目录: mypy-1.17.1.dist-info
2025-09-01 11:11:18,804 - INFO - 已拷贝依赖包目录: mysql_connector_python-8.0.33.dist-info
2025-09-01 11:11:18,959 - INFO - 已拷贝依赖包目录: openpyxl
2025-09-01 11:11:18,965 - INFO - 已拷贝依赖包目录: openpyxl-3.1.0.dist-info
2025-09-01 11:11:19,050 - INFO - 已拷贝依赖包目录: openpyxl-stubs
2025-09-01 11:11:19,116 - INFO - 已拷贝依赖包目录: pre_commit
2025-09-01 11:11:19,119 - INFO - 已拷贝依赖包目录: pre_commit-4.3.0.dist-info
2025-09-01 11:11:19,122 - INFO - 已拷贝依赖包目录: pytest
2025-09-01 11:11:19,126 - INFO - 已拷贝依赖包目录: pytest-8.3.2.dist-info
2025-09-01 11:11:19,131 - INFO - 已拷贝依赖包目录: pytest_asyncio
2025-09-01 11:11:19,134 - INFO - 已拷贝依赖包目录: pytest_asyncio-0.21.1.dist-info
2025-09-01 11:11:19,145 - INFO - 已拷贝依赖包目录: pytest_cov
2025-09-01 11:11:19,149 - INFO - 已拷贝依赖包目录: pytest_cov-5.0.0.dist-info
2025-09-01 11:11:19,268 - INFO - 已拷贝依赖包目录: tox
2025-09-01 11:11:19,272 - INFO - 已拷贝依赖包目录: tox-4.28.4.dist-info
2025-09-01 11:11:19,289 - INFO - 已拷贝依赖包目录: twine
2025-09-01 11:11:19,293 - INFO - 已拷贝依赖包目录: twine-6.1.0.dist-info
2025-09-01 11:11:19,294 - INFO - 总共拷贝了 35 个依赖项
2025-09-01 11:11:19,294 - INFO - 正在创建启动脚本...
2025-09-01 11:11:19,295 - INFO - 正在创建压缩包...
2025-09-01 11:11:21,591 - INFO - 清理临时文件...
2025-09-01 11:11:21,885 - INFO - 打包完成！可移植包位置: D:\Daily_Report\release\zr_daily_report_v0.8.zip
2025-09-01 11:14:56,509 - INFO - 开始创建可移植包: zr_daily_report_v0.8
2025-09-01 11:14:56,511 - INFO - 正在复制项目文件...
2025-09-01 11:14:56,514 - WARNING - 源文件或目录不存在，跳过: LICENSE
2025-09-01 11:14:56,549 - INFO - 正在复制已安装依赖...
2025-09-01 11:14:56,549 - INFO - 正在获取当前环境中已安装的包...
2025-09-01 11:14:56,595 - INFO - Site-packages路径: D:\Daily_Report\.venv\Lib\site-packages
2025-09-01 11:14:56,595 - INFO - 需要的包: {'httpx', 'mkdocs', 'tox', 'pytest-cov', 'mypy', 'openpyxl', 'pre-commit', 'mkdocs-material', 'cryptography', 'pytest', 'twine', 'mysql-connector-python', 'flake8', 'build', 'pytest-asyncio', 'black', 'mock', 'isort'}
2025-09-01 11:14:56,616 - INFO - 已拷贝依赖包目录: black
2025-09-01 11:14:56,619 - INFO - 已拷贝依赖包目录: black-24.8.0.dist-info
2025-09-01 11:14:56,630 - INFO - 已拷贝依赖包目录: build
2025-09-01 11:14:56,634 - INFO - 已拷贝依赖包目录: build-1.3.0.dist-info
2025-09-01 11:14:56,702 - INFO - 已拷贝依赖包目录: cryptography
2025-09-01 11:14:56,706 - INFO - 已拷贝依赖包目录: cryptography-43.0.1.dist-info
2025-09-01 11:14:56,736 - INFO - 已拷贝依赖包目录: flake8
2025-09-01 11:14:56,739 - INFO - 已拷贝依赖包目录: flake8-7.1.1.dist-info
2025-09-01 11:14:56,757 - INFO - 已拷贝依赖包目录: httpx
2025-09-01 11:14:56,760 - INFO - 已拷贝依赖包目录: httpx-0.25.2.dist-info
2025-09-01 11:14:56,792 - INFO - 已拷贝依赖包目录: isort
2025-09-01 11:14:56,795 - INFO - 已拷贝依赖包目录: isort-5.12.0.dist-info
2025-09-01 11:14:56,906 - INFO - 已拷贝依赖包目录: mkdocs
2025-09-01 11:14:56,910 - INFO - 已拷贝依赖包目录: mkdocs-1.5.3.dist-info
2025-09-01 11:14:56,914 - INFO - 已拷贝依赖包目录: mkdocs_material-9.4.8.dist-info
2025-09-01 11:14:56,917 - INFO - 已拷贝依赖包目录: mock
2025-09-01 11:14:56,921 - INFO - 已拷贝依赖包目录: mock-5.2.0.dist-info
2025-09-01 11:14:57,368 - INFO - 已拷贝依赖包目录: mypy
2025-09-01 11:14:57,371 - INFO - 已拷贝依赖包目录: mypy-1.17.1.dist-info
2025-09-01 11:14:57,375 - INFO - 已拷贝依赖包目录: mysql_connector_python-8.0.33.dist-info
2025-09-01 11:14:57,513 - INFO - 已拷贝依赖包目录: openpyxl
2025-09-01 11:14:57,516 - INFO - 已拷贝依赖包目录: openpyxl-3.1.0.dist-info
2025-09-01 11:14:57,585 - INFO - 已拷贝依赖包目录: openpyxl-stubs
2025-09-01 11:14:57,645 - INFO - 已拷贝依赖包目录: pre_commit
2025-09-01 11:14:57,648 - INFO - 已拷贝依赖包目录: pre_commit-4.3.0.dist-info
2025-09-01 11:14:57,653 - INFO - 已拷贝依赖包目录: pytest
2025-09-01 11:14:57,657 - INFO - 已拷贝依赖包目录: pytest-8.3.2.dist-info
2025-09-01 11:14:57,661 - INFO - 已拷贝依赖包目录: pytest_asyncio
2025-09-01 11:14:57,664 - INFO - 已拷贝依赖包目录: pytest_asyncio-0.21.1.dist-info
2025-09-01 11:14:57,672 - INFO - 已拷贝依赖包目录: pytest_cov
2025-09-01 11:14:57,675 - INFO - 已拷贝依赖包目录: pytest_cov-5.0.0.dist-info
2025-09-01 11:14:57,763 - INFO - 已拷贝依赖包目录: tox
2025-09-01 11:14:57,766 - INFO - 已拷贝依赖包目录: tox-4.28.4.dist-info
2025-09-01 11:14:57,778 - INFO - 已拷贝依赖包目录: twine
2025-09-01 11:14:57,781 - INFO - 已拷贝依赖包目录: twine-6.1.0.dist-info
2025-09-01 11:14:57,785 - INFO - 总共拷贝了 35 个依赖项
2025-09-01 11:14:57,785 - INFO - 正在创建启动脚本...
2025-09-01 11:14:57,786 - INFO - 正在创建压缩包...
2025-09-01 11:15:00,094 - INFO - 清理临时文件...
2025-09-01 11:15:00,395 - INFO - 打包完成！可移植包位置: D:\Daily_Report\release\zr_daily_report_v0.8.zip
2025-09-01 11:44:36,493 - INFO - 开始创建可移植包: zr_daily_report_v0.8
2025-09-01 11:44:36,494 - INFO - 正在复制项目文件...
2025-09-01 11:44:36,497 - WARNING - 源文件或目录不存在，跳过: LICENSE
2025-09-01 11:44:36,527 - INFO - 正在下载并复制依赖...
2025-09-01 11:44:36,527 - INFO - 正在下载依赖项的wheel文件...
2025-09-01 11:45:13,747 - INFO - 依赖项的wheel文件已下载到dependencies目录
2025-09-01 11:45:13,748 - INFO - 下载了 85 个wheel文件和 0 个源码包
2025-09-01 11:45:13,748 - INFO - 正在创建启动脚本...
2025-09-01 11:45:13,749 - INFO - 正在创建压缩包...
2025-09-01 11:45:15,180 - INFO - 清理临时文件...
2025-09-01 11:45:15,210 - INFO - 打包完成！可移植包位置: D:\Daily_Report\release\zr_daily_report_v0.8.zip
2025-09-01 11:45:31,542 - INFO - 开始创建可移植包: zr_daily_report_v0.8
2025-09-01 11:45:31,547 - INFO - 正在复制项目文件...
2025-09-01 11:45:31,549 - WARNING - 源文件或目录不存在，跳过: LICENSE
2025-09-01 11:45:31,571 - INFO - 正在下载并复制依赖...
2025-09-01 11:45:31,572 - INFO - 正在下载依赖项的wheel文件...
2025-09-01 11:46:04,867 - INFO - 依赖项的wheel文件已下载到dependencies目录
2025-09-01 11:46:04,868 - INFO - 下载了 85 个wheel文件和 0 个源码包
2025-09-01 11:46:04,868 - INFO - 正在创建启动脚本...
2025-09-01 11:46:04,870 - INFO - 正在创建压缩包...
2025-09-01 11:46:06,308 - INFO - 清理临时文件...
2025-09-01 11:46:06,330 - INFO - 打包完成！可移植包位置: D:\Daily_Report\release\zr_daily_report_v0.8.zip
2025-09-01 12:00:58,442 - INFO - 开始创建可移植包: zr_daily_report_v0.8
2025-09-01 12:00:58,443 - INFO - 正在复制项目文件...
2025-09-01 12:00:58,445 - WARNING - 源文件或目录不存在，跳过: LICENSE
2025-09-01 12:00:58,481 - INFO - 正在下载并复制依赖...
2025-09-01 12:00:58,481 - INFO - 正在下载依赖项的wheel文件...
2025-09-01 12:01:30,036 - INFO - 依赖项的wheel文件已下载到dependencies目录
2025-09-01 12:01:30,037 - INFO - 下载了 85 个wheel文件和 0 个源码包
2025-09-01 12:01:30,037 - INFO - 正在创建启动脚本...
2025-09-01 12:01:30,038 - INFO - 正在创建压缩包...
2025-09-01 12:01:31,478 - INFO - 清理临时文件...
2025-09-01 12:01:31,499 - INFO - 打包完成！可移植包位置: D:\Daily_Report\release\zr_daily_report_v0.8.zip
2025-09-01 13:07:28,481 - INFO - 开始创建可移植包: zr_daily_report_v0.8
2025-09-01 13:07:28,486 - INFO - 正在复制项目文件...
2025-09-01 13:07:28,490 - WARNING - 源文件或目录不存在，跳过: LICENSE
2025-09-01 13:07:28,529 - INFO - 正在下载并复制依赖...
2025-09-01 13:07:28,529 - INFO - 正在下载依赖项的wheel文件...
2025-09-01 13:07:52,795 - INFO - 依赖项的wheel文件已下载到dependencies目录
2025-09-01 13:07:52,796 - INFO - 下载了 85 个wheel文件和 0 个源码包
2025-09-01 13:07:52,796 - INFO - 正在创建启动脚本...
2025-09-01 13:07:52,797 - INFO - 正在创建压缩包...
2025-09-01 13:07:54,278 - INFO - 清理临时文件...
2025-09-01 13:07:54,297 - INFO - 打包完成！可移植包位置: D:\Daily_Report\release\zr_daily_report_v0.8.zip
2025-09-01 13:21:23,927 - INFO - 开始创建可移植包: zr_daily_report_v0.8
2025-09-01 13:21:23,927 - INFO - 正在复制项目文件...
2025-09-01 13:21:23,930 - WARNING - 源文件或目录不存在，跳过: LICENSE
2025-09-01 13:21:23,966 - INFO - 正在下载并复制依赖...
2025-09-01 13:21:23,966 - INFO - 正在下载依赖项的wheel文件...
2025-09-01 13:21:52,770 - INFO - 依赖项的wheel文件已下载到dependencies目录
2025-09-01 13:21:52,771 - INFO - 下载了 85 个wheel文件和 0 个源码包
2025-09-01 13:21:52,771 - INFO - 正在创建启动脚本...
2025-09-01 13:21:52,772 - INFO - 正在创建压缩包...
2025-09-01 13:21:54,214 - INFO - 清理临时文件...
2025-09-01 13:21:54,242 - INFO - 打包完成！可移植包位置: D:\Daily_Report\release\zr_daily_report_v0.8.zip
2025-09-01 13:23:35,884 - INFO - 开始创建可移植包: zr_daily_report_v0.8
2025-09-01 13:23:35,889 - INFO - 正在复制项目文件...
2025-09-01 13:23:35,895 - WARNING - 源文件或目录不存在，跳过: LICENSE
2025-09-01 13:23:35,919 - INFO - 正在下载并复制依赖...
2025-09-01 13:23:35,919 - INFO - 运行时核心依赖: ['openpyxl', 'mysql-connector-python', 'cryptography']
2025-09-01 13:23:35,920 - INFO - 提取的核心依赖条目: ['openpyxl==3.1.0', 'mysql-connector-python==8.0.33', 'cryptography==43.0.1']
2025-09-01 13:23:35,920 - INFO - 正在下载运行时必需的依赖项的wheel文件...
2025-09-01 13:23:45,967 - INFO - 运行时必需的依赖项的wheel文件已下载到dependencies目录
2025-09-01 13:23:45,967 - INFO - 下载了 7 个wheel文件和 0 个源码包
2025-09-01 13:23:45,967 - INFO - 正在创建启动脚本...
2025-09-01 13:23:45,969 - INFO - 正在创建压缩包...
2025-09-01 13:23:46,165 - INFO - 清理临时文件...
2025-09-01 13:23:46,175 - INFO - 打包完成！可移植包位置: D:\Daily_Report\release\zr_daily_report_v0.8.zip
2025-09-01 13:28:51,074 - INFO - 开始创建可移植包: zr_daily_report_v0.8
2025-09-01 13:28:51,075 - INFO - 正在复制项目文件...
2025-09-01 13:28:51,082 - WARNING - 源文件或目录不存在，跳过: LICENSE
2025-09-01 13:28:51,107 - INFO - 正在下载并复制依赖...
2025-09-01 13:28:51,107 - INFO - 运行时核心依赖: ['openpyxl', 'mysql-connector-python', 'cryptography']
2025-09-01 13:28:51,107 - INFO - 提取的核心依赖条目: ['openpyxl==3.1.0', 'mysql-connector-python==8.0.33', 'cryptography==43.0.1']
2025-09-01 13:28:51,107 - INFO - 正在下载运行时必需的依赖项的wheel文件...
2025-09-01 13:28:54,566 - INFO - 运行时必需的依赖项的wheel文件已下载到dependencies目录
2025-09-01 13:28:54,566 - INFO - 下载了 7 个wheel文件和 0 个源码包
2025-09-01 13:28:54,566 - INFO - 正在创建启动脚本...
2025-09-01 13:28:54,568 - INFO - 正在创建压缩包...
2025-09-01 13:28:54,768 - INFO - 清理临时文件...
2025-09-01 13:28:54,781 - INFO - 打包完成！可移植包位置: D:\Daily_Report\release\zr_daily_report_v0.8.zip
2025-09-01 13:35:04,524 - INFO - 开始创建可移植包: zr_daily_report_v0.8
2025-09-01 13:35:04,524 - INFO - 正在复制项目文件...
2025-09-01 13:35:04,531 - WARNING - 源文件或目录不存在，跳过: LICENSE
2025-09-01 13:35:04,567 - INFO - 正在下载并复制依赖...
2025-09-01 13:35:04,568 - INFO - 运行时核心依赖: ['openpyxl', 'mysql-connector-python', 'cryptography']
2025-09-01 13:35:04,568 - INFO - 提取的核心依赖条目: ['openpyxl==3.1.0', 'mysql-connector-python==8.0.33', 'cryptography==43.0.1']
2025-09-01 13:35:04,568 - INFO - 正在下载运行时必需的依赖项的wheel文件...
2025-09-01 13:35:11,767 - INFO - 运行时必需的依赖项的wheel文件已下载到dependencies目录
2025-09-01 13:35:11,767 - INFO - 下载了 7 个wheel文件和 0 个源码包
2025-09-01 13:35:11,767 - INFO - 正在创建启动脚本...
2025-09-01 13:35:11,769 - INFO - 正在创建压缩包...
2025-09-01 13:35:11,968 - INFO - 清理临时文件...
2025-09-01 13:35:11,979 - INFO - 打包完成！可移植包位置: D:\Daily_Report\release\zr_daily_report_v0.8.zip
2025-09-01 13:47:51,166 - INFO - 开始创建可移植包: zr_daily_report_v0.8
2025-09-01 13:47:51,167 - INFO - 正在复制项目文件...
2025-09-01 13:47:51,169 - WARNING - 源文件或目录不存在，跳过: LICENSE
2025-09-01 13:47:51,205 - INFO - 正在下载并复制依赖...
2025-09-01 13:47:51,206 - INFO - 运行时核心依赖: ['openpyxl', 'mysql-connector-python', 'cryptography', 'protobuf<=3.20.3', 'et-xmlfile', 'cffi', 'pycparser']
2025-09-01 13:47:51,206 - INFO - 核心依赖条目: ['openpyxl', 'mysql-connector-python', 'cryptography', 'protobuf<=3.20.3', 'et-xmlfile', 'cffi', 'pycparser']
2025-09-01 13:47:51,206 - INFO - 正在下载运行时必需的依赖项的wheel文件...
2025-09-01 13:47:55,592 - INFO - 运行时必需的依赖项的wheel文件已下载到dependencies目录
2025-09-01 13:47:55,593 - INFO - 下载了 7 个wheel文件和 0 个源码包
2025-09-01 13:47:55,593 - INFO - 正在创建启动脚本...
2025-09-01 13:47:55,595 - INFO - 正在创建压缩包...
2025-09-01 13:47:56,258 - INFO - 清理临时文件...
2025-09-01 13:47:56,268 - INFO - 打包完成！可移植包位置: D:\Daily_Report\release\zr_daily_report_v0.8.zip
2025-09-01 13:55:49,302 - INFO - 开始创建可移植包: zr_daily_report_v0.8
2025-09-01 13:55:49,302 - INFO - 正在复制项目文件...
2025-09-01 13:55:49,309 - WARNING - 源文件或目录不存在，跳过: LICENSE
2025-09-01 13:55:49,344 - INFO - 正在下载并复制依赖...
2025-09-01 13:55:49,344 - INFO - 运行时核心依赖: ['openpyxl', 'mysql-connector-python', 'cryptography', 'protobuf<=3.20.3', 'et-xmlfile', 'cffi', 'pycparser']
2025-09-01 13:55:49,345 - INFO - 核心依赖条目: ['openpyxl', 'mysql-connector-python', 'cryptography', 'protobuf<=3.20.3', 'et-xmlfile', 'cffi', 'pycparser']
2025-09-01 13:55:49,345 - INFO - 正在下载运行时必需的依赖项的wheel文件...
2025-09-01 13:55:51,882 - INFO - 运行时必需的依赖项的wheel文件已下载到dependencies目录
2025-09-01 13:55:51,883 - INFO - 下载了 7 个wheel文件和 0 个源码包
2025-09-01 13:55:51,883 - INFO - 正在创建启动脚本...
2025-09-01 13:55:51,884 - INFO - 正在创建压缩包...
2025-09-01 13:55:52,564 - INFO - 清理临时文件...
2025-09-01 13:55:52,575 - INFO - 打包完成！可移植包位置: D:\Daily_Report\release\zr_daily_report_v0.8.zip
2025-09-01 14:03:58,936 - INFO - 开始创建可移植包: zr_daily_report_v0.8
2025-09-01 14:03:58,937 - INFO - 正在复制项目文件...
2025-09-01 14:03:58,943 - WARNING - 源文件或目录不存在，跳过: LICENSE
2025-09-01 14:03:58,967 - INFO - 正在下载并复制依赖...
2025-09-01 14:03:58,968 - INFO - 运行时核心依赖: ['openpyxl', 'mysql-connector-python', 'cryptography', 'protobuf<=3.20.3', 'et-xmlfile', 'cffi', 'pycparser']
2025-09-01 14:03:58,968 - INFO - 核心依赖条目: ['openpyxl', 'mysql-connector-python', 'cryptography', 'protobuf<=3.20.3', 'et-xmlfile', 'cffi', 'pycparser']
2025-09-01 14:03:58,968 - INFO - 正在下载运行时必需的依赖项的wheel文件...
2025-09-01 14:04:04,442 - INFO - 运行时必需的依赖项的wheel文件已下载到dependencies目录
2025-09-01 14:04:04,443 - INFO - 下载了 7 个wheel文件和 0 个源码包
2025-09-01 14:04:04,443 - INFO - 正在创建启动脚本...
2025-09-01 14:04:04,444 - INFO - 正在创建压缩包...
2025-09-01 14:04:05,114 - INFO - 清理临时文件...
2025-09-01 14:04:05,123 - INFO - 打包完成！可移植包位置: D:\Daily_Report\release\zr_daily_report_v0.8.zip
2025-09-01 14:53:39,608 - INFO - 开始创建可移植包: zr_daily_report_v0.8
2025-09-01 14:53:39,609 - INFO - 正在复制项目文件...
2025-09-01 14:53:39,611 - WARNING - 源文件或目录不存在，跳过: LICENSE
2025-09-01 14:53:39,657 - INFO - 正在下载并复制依赖...
2025-09-01 14:53:39,658 - INFO - 运行时核心依赖: ['openpyxl', 'mysql-connector-python', 'cryptography', 'protobuf<=3.20.3', 'et-xmlfile', 'cffi', 'pycparser']
2025-09-01 14:53:39,658 - INFO - 核心依赖条目: ['openpyxl', 'mysql-connector-python', 'cryptography', 'protobuf<=3.20.3', 'et-xmlfile', 'cffi', 'pycparser']
2025-09-01 14:53:39,658 - INFO - 正在下载运行时必需的依赖项的wheel文件...
2025-09-01 14:53:45,344 - INFO - 运行时必需的依赖项的wheel文件已下载到dependencies目录
2025-09-01 14:53:45,344 - INFO - 下载了 7 个wheel文件和 0 个源码包
2025-09-01 14:53:45,344 - INFO - 正在创建启动脚本...
2025-09-01 14:53:45,346 - INFO - 正在创建压缩包...
2025-09-01 14:53:46,007 - INFO - 清理临时文件...
2025-09-01 14:53:46,016 - INFO - 打包完成！可移植包位置: D:\Daily_Report\release\zr_daily_report_v0.8.zip
2025-09-01 15:30:50,303 - INFO - 开始创建可移植包: zr_daily_report_v0.8
2025-09-01 15:30:50,306 - INFO - 正在复制项目文件...
2025-09-01 15:30:50,308 - WARNING - 源文件或目录不存在，跳过: LICENSE
2025-09-01 15:30:50,329 - INFO - 正在下载并复制依赖...
2025-09-01 15:30:50,330 - INFO - 运行时核心依赖: ['openpyxl', 'mysql-connector-python', 'cryptography', 'protobuf<=3.20.3', 'et-xmlfile', 'cffi', 'pycparser']
2025-09-01 15:30:50,330 - INFO - 核心依赖条目: ['openpyxl', 'mysql-connector-python', 'cryptography', 'protobuf<=3.20.3', 'et-xmlfile', 'cffi', 'pycparser']
2025-09-01 15:30:50,330 - INFO - 正在下载运行时必需的依赖项的wheel文件...
2025-09-01 15:30:55,056 - INFO - 运行时必需的依赖项的wheel文件已下载到dependencies目录
2025-09-01 15:30:55,057 - INFO - 下载了 7 个wheel文件和 0 个源码包
2025-09-01 15:30:55,057 - INFO - 正在创建启动脚本...
2025-09-01 15:30:55,058 - INFO - 正在创建压缩包...
2025-09-01 15:30:55,731 - INFO - 清理临时文件...
2025-09-01 15:30:55,741 - INFO - 打包完成！可移植包位置: D:\Daily_Report\release\zr_daily_report_v0.8.zip
